<?xml version="1.0" encoding="UTF-8"?>
<!-- Generated by org.testng.reporters.JUnitReportReporter -->
<testsuite hostname="Maitris-MacBook-Pro.local" name="com.baublebar.testcases.ShoppingCartTest" tests="1" failures="0" timestamp="24 Mar 2015 16:59:36 GMT" time="2.244" errors="0">
  <testcase name="ShoppingCartTest" time="2.244" classname="com.baublebar.testcases.ShoppingCartTest"/>
</testsuite> <!-- com.baublebar.testcases.ShoppingCartTest -->
