<?xml version="1.0" encoding="UTF-8"?>
<!-- Generated by org.testng.reporters.JUnitReportReporter -->
<testsuite hostname="Maitris-MacBook-Pro.local" name="com.baublebar.testcases.shoppingcart.PlaceOrderTest" tests="1" failures="0" timestamp="22 Apr 2015 16:14:15 GMT" time="83.474" errors="0">
  <testcase name="PlaceOrderTest" time="83.474" classname="com.baublebar.testcases.shoppingcart.PlaceOrderTest"/>
</testsuite> <!-- com.baublebar.testcases.shoppingcart.PlaceOrderTest -->
