<?xml version="1.0" encoding="UTF-8"?>
<!-- Generated by org.testng.reporters.JUnitReportReporter -->
<testsuite hostname="Maitris-MacBook-Pro.local" name="com.baublebar.testcases.Sauce" tests="1" failures="0" timestamp="18 Feb 2015 20:24:23 GMT" time="3.119" errors="0">
  <testcase name="signupForDiscount" time="3.119" classname="com.baublebar.testcases.Sauce"/>
</testsuite> <!-- com.baublebar.testcases.Sauce -->
