<?xml version="1.0" encoding="UTF-8"?>
<!-- Generated by org.testng.reporters.JUnitReportReporter -->
<testsuite hostname="Maitris-MacBook-Pro.local" name="com.baublebar.testcases.MyAccountOptionsTest" tests="5" failures="0" timestamp="24 Mar 2015 16:59:36 GMT" time="26.675" errors="0">
  <testcase name="LoginTest" time="5.501" classname="com.baublebar.testcases.MyAccountOptionsTest"/>
  <testcase name="LoginTest" time="5.011" classname="com.baublebar.testcases.MyAccountOptionsTest"/>
  <testcase name="LoginTest" time="4.612" classname="com.baublebar.testcases.MyAccountOptionsTest"/>
  <testcase name="LoginTest" time="4.763" classname="com.baublebar.testcases.MyAccountOptionsTest"/>
  <testcase name="LoginTest" time="6.788" classname="com.baublebar.testcases.MyAccountOptionsTest"/>
</testsuite> <!-- com.baublebar.testcases.MyAccountOptionsTest -->
