<?xml version="1.0" encoding="UTF-8"?>
<!-- Generated by org.testng.reporters.JUnitReportReporter -->
<testsuite hostname="Maitris-MacBook-Pro.local" name="com.baublebar.testcases.StutterStockTest2" tests="1" failures="0" timestamp="19 Mar 2015 19:39:02 GMT" time="2.645" errors="0">
  <testcase name="getImages" time="2.645" classname="com.baublebar.testcases.StutterStockTest2"/>
</testsuite> <!-- com.baublebar.testcases.StutterStockTest2 -->
