<?xml version="1.0" encoding="UTF-8"?>
<!-- Generated by org.testng.reporters.JUnitReportReporter -->
<testsuite hostname="Maitris-MacBook-Pro.local" name="com.baublebar.testcases.LoginTest" tests="1" failures="0" timestamp="24 Mar 2015 16:59:36 GMT" time="0.946" errors="0">
  <testcase name="LoginTest" time="0.946" classname="com.baublebar.testcases.LoginTest"/>
</testsuite> <!-- com.baublebar.testcases.LoginTest -->
