<?xml version="1.0" encoding="UTF-8"?>
<!-- Generated by org.testng.reporters.JUnitReportReporter -->
<testsuite hostname="Maitris-MacBook-Pro.local" name="com.baublebar.testcases.topmenubar.LoginTest" tests="1" failures="0" timestamp="30 Apr 2015 20:06:07 GMT" time="13.527" errors="0">
  <testcase name="LoginTest" time="13.527" classname="com.baublebar.testcases.topmenubar.LoginTest"/>
</testsuite> <!-- com.baublebar.testcases.topmenubar.LoginTest -->
