<?xml version="1.0" encoding="UTF-8"?>
<!-- Generated by org.testng.reporters.JUnitReportReporter -->
<testsuite hostname="Maitris-MacBook-Pro.local" name="com.baublebar.testcases.topmenubar.MyAccountOptionsTest" tests="5" failures="0" timestamp="30 Apr 2015 20:06:07 GMT" time="59.428" errors="0">
  <testcase name="LoginTest" time="12.549" classname="com.baublebar.testcases.topmenubar.MyAccountOptionsTest"/>
  <testcase name="LoginTest" time="10.299" classname="com.baublebar.testcases.topmenubar.MyAccountOptionsTest"/>
  <testcase name="LoginTest" time="13.794" classname="com.baublebar.testcases.topmenubar.MyAccountOptionsTest"/>
  <testcase name="LoginTest" time="11.298" classname="com.baublebar.testcases.topmenubar.MyAccountOptionsTest"/>
  <testcase name="LoginTest" time="11.488" classname="com.baublebar.testcases.topmenubar.MyAccountOptionsTest"/>
</testsuite> <!-- com.baublebar.testcases.topmenubar.MyAccountOptionsTest -->
