<?xml version="1.0" encoding="UTF-8"?>
<!-- Generated by org.testng.reporters.JUnitReportReporter -->
<testsuite hostname="Maitris-MacBook-Pro.local" name="com.baublebar.testcases.SignupForDiscountTest" tests="1" failures="0" timestamp="24 Mar 2015 16:59:36 GMT" time="1.570" errors="0">
  <testcase name="signupForDiscountTest" time="1.570" classname="com.baublebar.testcases.SignupForDiscountTest"/>
</testsuite> <!-- com.baublebar.testcases.SignupForDiscountTest -->
