<?xml version="1.0" encoding="UTF-8"?>
<!-- Generated by org.testng.reporters.JUnitReportReporter -->
<testsuite hostname="Maitris-MacBook-Pro.local" name="com.baublebar.testcases.topmenubar.ContactusTest" tests="1" failures="0" timestamp="21 Apr 2015 20:14:29 GMT" time="3.864" errors="0">
  <testcase name="contactusTest" time="3.864" classname="com.baublebar.testcases.topmenubar.ContactusTest"/>
</testsuite> <!-- com.baublebar.testcases.topmenubar.ContactusTest -->
