<?xml version="1.0" encoding="UTF-8"?>
<!-- Generated by org.testng.reporters.JUnitReportReporter -->
<testsuite hostname="Maitris-MacBook-Pro.local" name="com.baublebar.testcases.mainnavigationbar.MainNavigationBarTest" tests="8" failures="0" timestamp="29 May 2015 20:00:18 GMT" time="21.341" errors="0">
  <testcase name="MainNavigationBarTest" time="2.266" classname="com.baublebar.testcases.mainnavigationbar.MainNavigationBarTest"/>
  <testcase name="MainNavigationBarTest" time="2.365" classname="com.baublebar.testcases.mainnavigationbar.MainNavigationBarTest"/>
  <testcase name="MainNavigationBarTest" time="3.183" classname="com.baublebar.testcases.mainnavigationbar.MainNavigationBarTest"/>
  <testcase name="MainNavigationBarTest" time="3.102" classname="com.baublebar.testcases.mainnavigationbar.MainNavigationBarTest"/>
  <testcase name="MainNavigationBarTest" time="2.689" classname="com.baublebar.testcases.mainnavigationbar.MainNavigationBarTest"/>
  <testcase name="MainNavigationBarTest" time="2.576" classname="com.baublebar.testcases.mainnavigationbar.MainNavigationBarTest"/>
  <testcase name="MainNavigationBarTest" time="2.447" classname="com.baublebar.testcases.mainnavigationbar.MainNavigationBarTest"/>
  <testcase name="MainNavigationBarTest" time="2.713" classname="com.baublebar.testcases.mainnavigationbar.MainNavigationBarTest"/>
</testsuite> <!-- com.baublebar.testcases.mainnavigationbar.MainNavigationBarTest -->
