<?xml version="1.0" encoding="UTF-8"?>
<!-- Generated by org.testng.reporters.JUnitReportReporter -->
<testsuite hostname="Maitris-MacBook-Pro.local" name="com.baublebar.testcases.topmenubar.ContactusTest" tests="1" failures="0" timestamp="13 May 2015 17:08:37 GMT" time="6.107" errors="0">
  <testcase name="contactusTest" time="6.107" classname="com.baublebar.testcases.topmenubar.ContactusTest"/>
</testsuite> <!-- com.baublebar.testcases.topmenubar.ContactusTest -->
