<?xml version="1.0" encoding="UTF-8"?>
<!-- Generated by org.testng.reporters.JUnitReportReporter -->
<testsuite hostname="Maitris-MacBook-Pro.local" name="com.baublebar.testcases.topmenubar.VisitusTest" tests="1" failures="0" timestamp="13 May 2015 17:08:37 GMT" time="6.656" errors="0">
  <testcase name="LocationsTest" time="6.656" classname="com.baublebar.testcases.topmenubar.VisitusTest"/>
</testsuite> <!-- com.baublebar.testcases.topmenubar.VisitusTest -->
