<?xml version="1.0" encoding="UTF-8"?>
<!-- Generated by org.testng.reporters.JUnitReportReporter -->
<testsuite hostname="Maitris-MacBook-Pro.local" name="com.baublebar.testcases.shoppingcart.PlaceOrderTest" tests="1" failures="1" timestamp="29 May 2015 20:00:18 GMT" time="66.666" errors="0">
  <testcase name="PlaceOrderTest" time="66.666" classname="com.baublebar.testcases.shoppingcart.PlaceOrderTest">
    <failure type="org.openqa.selenium.TimeoutException" message="Timed out after 30 seconds waiting for element to be clickable: [[RemoteWebDriver: safari on MAC (a02099879d3849a2b21bb80fc72d0b65)] -&gt; xpath: //*[@id=&#039;nav-top-link-cart&#039;]/a/span[1]]
Build info: version: &#039;2.43.1&#039;, revision: &#039;5163bce&#039;, time: &#039;2014-09-10 16:27:58&#039;
System info: host: &#039;Maitris-MacBook-Pro.local&#039;, ip: &#039;10.9.20.70&#039;, os.name: &#039;Mac OS X&#039;, os.arch: &#039;x86_64&#039;, os.version: &#039;10.9.5&#039;, java.version: &#039;1.6.0_65&#039;
Session ID: a02099879d3849a2b21bb80fc72d0b65
Driver info: org.openqa.selenium.remote.RemoteWebDriver
Capabilities [{platform=MAC, javascriptEnabled=true, hasMetadata=true, browserName=safari, networkConnectionEnabled=false, desired={platformVersion=8.2, deviceName=iPhone Simulator, platformName=iOS, browserName=safari, proxy={proxyAutoconfigUrl=http://127.0.0.1:19876/pac.js, proxyType=PAC}, webdriver.remote.quietExceptions=true}, locationContextEnabled=false, webdriver.remote.sessionid=a02099879d3849a2b21bb80fc72d0b65, platformVersion=8.2, databaseEnabled=false, platformName=iOS, deviceName=iPhone Simulator, safari=true, proxy={proxyAutoconfigUrl=http://127.0.0.1:19876/pac.js, proxyType=PAC}, webStorageEnabled=false, webdriver.remote.quietExceptions=true, warnings={}, takesScreenshot=true}]">
      <![CDATA[org.openqa.selenium.TimeoutException: Timed out after 30 seconds waiting for element to be clickable: [[RemoteWebDriver: safari on MAC (a02099879d3849a2b21bb80fc72d0b65)] -> xpath: //*[@id='nav-top-link-cart']/a/span[1]]
Build info: version: '2.43.1', revision: '5163bce', time: '2014-09-10 16:27:58'
System info: host: 'Maitris-MacBook-Pro.local', ip: '10.9.20.70', os.name: 'Mac OS X', os.arch: 'x86_64', os.version: '10.9.5', java.version: '1.6.0_65'
Session ID: a02099879d3849a2b21bb80fc72d0b65
Driver info: org.openqa.selenium.remote.RemoteWebDriver
Capabilities [{platform=MAC, javascriptEnabled=true, hasMetadata=true, browserName=safari, networkConnectionEnabled=false, desired={platformVersion=8.2, deviceName=iPhone Simulator, platformName=iOS, browserName=safari, proxy={proxyAutoconfigUrl=http://127.0.0.1:19876/pac.js, proxyType=PAC}, webdriver.remote.quietExceptions=true}, locationContextEnabled=false, webdriver.remote.sessionid=a02099879d3849a2b21bb80fc72d0b65, platformVersion=8.2, databaseEnabled=false, platformName=iOS, deviceName=iPhone Simulator, safari=true, proxy={proxyAutoconfigUrl=http://127.0.0.1:19876/pac.js, proxyType=PAC}, webStorageEnabled=false, webdriver.remote.quietExceptions=true, warnings={}, takesScreenshot=true}]
	at org.openqa.selenium.support.ui.WebDriverWait.timeoutException(WebDriverWait.java:79)
	at org.openqa.selenium.support.ui.FluentWait.until(FluentWait.java:228)
	at com.baublebar.pages.BaublebarPage.placeOrder(BaublebarPage.java:224)
	at com.baublebar.testcases.shoppingcart.PlaceOrderTest.PlaceOrderTest(PlaceOrderTest.java:27)
	at sun.reflect.NativeMethodAccessorImpl.invoke0(Native Method)
	at sun.reflect.NativeMethodAccessorImpl.invoke(NativeMethodAccessorImpl.java:39)
	at sun.reflect.DelegatingMethodAccessorImpl.invoke(DelegatingMethodAccessorImpl.java:25)
	at java.lang.reflect.Method.invoke(Method.java:597)
	at org.testng.internal.MethodInvocationHelper.invokeMethod(MethodInvocationHelper.java:84)
	at org.testng.internal.Invoker.invokeMethod(Invoker.java:714)
	at org.testng.internal.Invoker.invokeTestMethod(Invoker.java:901)
	at org.testng.internal.Invoker.invokeTestMethods(Invoker.java:1231)
	at org.testng.internal.TestMethodWorker.invokeTestMethods(TestMethodWorker.java:127)
	at org.testng.internal.TestMethodWorker.run(TestMethodWorker.java:111)
	at org.testng.TestRunner.privateRun(TestRunner.java:767)
	at org.testng.TestRunner.run(TestRunner.java:617)
	at org.testng.SuiteRunner.runTest(SuiteRunner.java:334)
	at org.testng.SuiteRunner.runSequentially(SuiteRunner.java:329)
	at org.testng.SuiteRunner.privateRun(SuiteRunner.java:291)
	at org.testng.SuiteRunner.run(SuiteRunner.java:240)
	at org.testng.SuiteRunnerWorker.runSuite(SuiteRunnerWorker.java:52)
	at org.testng.SuiteRunnerWorker.run(SuiteRunnerWorker.java:86)
	at org.testng.TestNG.runSuitesSequentially(TestNG.java:1224)
	at org.testng.TestNG.runSuitesLocally(TestNG.java:1149)
	at org.testng.TestNG.run(TestNG.java:1057)
	at org.testng.TestNG.privateMain(TestNG.java:1364)
	at org.testng.TestNG.main(TestNG.java:1333)
]]>
    </failure>
  </testcase> <!-- PlaceOrderTest -->
</testsuite> <!-- com.baublebar.testcases.shoppingcart.PlaceOrderTest -->
