<?xml version="1.0" encoding="UTF-8"?>
<!-- Generated by org.testng.reporters.JUnitReportReporter -->
<testsuite hostname="Maitris-MacBook-Pro.local" name="com.baublebar.testcases.mainnavigationbar.MainNavigationBarTest" tests="8" failures="0" timestamp="13 May 2015 17:08:37 GMT" time="66.643" errors="0">
  <testcase name="MainNavigationBarTest" time="8.181" classname="com.baublebar.testcases.mainnavigationbar.MainNavigationBarTest"/>
  <testcase name="MainNavigationBarTest" time="8.199" classname="com.baublebar.testcases.mainnavigationbar.MainNavigationBarTest"/>
  <testcase name="MainNavigationBarTest" time="7.210" classname="com.baublebar.testcases.mainnavigationbar.MainNavigationBarTest"/>
  <testcase name="MainNavigationBarTest" time="5.224" classname="com.baublebar.testcases.mainnavigationbar.MainNavigationBarTest"/>
  <testcase name="MainNavigationBarTest" time="14.287" classname="com.baublebar.testcases.mainnavigationbar.MainNavigationBarTest"/>
  <testcase name="MainNavigationBarTest" time="10.590" classname="com.baublebar.testcases.mainnavigationbar.MainNavigationBarTest"/>
  <testcase name="MainNavigationBarTest" time="6.239" classname="com.baublebar.testcases.mainnavigationbar.MainNavigationBarTest"/>
  <testcase name="MainNavigationBarTest" time="6.713" classname="com.baublebar.testcases.mainnavigationbar.MainNavigationBarTest"/>
</testsuite> <!-- com.baublebar.testcases.mainnavigationbar.MainNavigationBarTest -->
