<?xml version="1.0" encoding="UTF-8"?>
<!-- Generated by org.testng.reporters.JUnitReportReporter -->
<testsuite hostname="Maitris-MacBook-Pro.local" name="com.baublebar.testcases.LoadBaublebarTest" tests="1" failures="0" timestamp="13 May 2015 17:08:37 GMT" time="16.315" errors="0">
  <testcase name="loadBaublebar" time="16.315" classname="com.baublebar.testcases.LoadBaublebarTest"/>
</testsuite> <!-- com.baublebar.testcases.LoadBaublebarTest -->
