<?xml version="1.0" encoding="UTF-8"?>
<!-- Generated by org.testng.reporters.JUnitReportReporter -->
<testsuite hostname="Maitris-MacBook-Pro.local" name="com.baublebar.testcases.LoadBaublebarTest" tests="1" failures="0" timestamp="29 May 2015 20:00:18 GMT" time="17.705" errors="0">
  <testcase name="loadBaublebar" time="17.705" classname="com.baublebar.testcases.LoadBaublebarTest"/>
</testsuite> <!-- com.baublebar.testcases.LoadBaublebarTest -->
