<?xml version="1.0" encoding="UTF-8"?>
<!-- Generated by org.testng.reporters.JUnitReportReporter -->
<testsuite hostname="Maitris-MacBook-Pro.local" name="com.baublebar.testcases.topmenubar.CreateAccountTest" tests="1" failures="0" timestamp="13 May 2015 17:08:37 GMT" time="52.665" errors="0">
  <testcase name="createAccTest" time="52.665" classname="com.baublebar.testcases.topmenubar.CreateAccountTest"/>
</testsuite> <!-- com.baublebar.testcases.topmenubar.CreateAccountTest -->
