<?xml version="1.0" encoding="UTF-8"?>
<!-- Generated by org.testng.reporters.JUnitReportReporter -->
<testsuite hostname="Maitris-MacBook-Pro.local" name="com.baublebar.testcases.topmenubar.SignupForDiscountTest" tests="1" failures="0" timestamp="1 Jun 2015 19:39:29 GMT" time="38.541" errors="0">
  <testcase name="signupForDiscountTest" time="38.541" classname="com.baublebar.testcases.topmenubar.SignupForDiscountTest"/>
</testsuite> <!-- com.baublebar.testcases.topmenubar.SignupForDiscountTest -->
