<?xml version="1.0" encoding="UTF-8"?>
<!-- Generated by org.testng.reporters.JUnitReportReporter -->
<testsuite hostname="Maitris-MacBook-Pro.local" name="com.baublebar.testcases.topmenubar.VisitusTest" tests="1" failures="0" timestamp="1 Jun 2015 19:39:29 GMT" time="5.906" errors="0">
  <testcase name="LocationsTest" time="5.906" classname="com.baublebar.testcases.topmenubar.VisitusTest"/>
</testsuite> <!-- com.baublebar.testcases.topmenubar.VisitusTest -->
