<?xml version="1.0" encoding="UTF-8"?>
<!-- Generated by org.testng.reporters.JUnitReportReporter -->
<testsuite hostname="Maitris-MacBook-Pro.local" name="com.baublebar.testcases.topmenubar.MyAccountOptionsTest" tests="5" failures="0" timestamp="1 Jun 2015 19:39:29 GMT" time="44.743" errors="0">
  <testcase name="LoginTest" time="9.425" classname="com.baublebar.testcases.topmenubar.MyAccountOptionsTest"/>
  <testcase name="LoginTest" time="7.614" classname="com.baublebar.testcases.topmenubar.MyAccountOptionsTest"/>
  <testcase name="LoginTest" time="9.345" classname="com.baublebar.testcases.topmenubar.MyAccountOptionsTest"/>
  <testcase name="LoginTest" time="8.983" classname="com.baublebar.testcases.topmenubar.MyAccountOptionsTest"/>
  <testcase name="LoginTest" time="9.376" classname="com.baublebar.testcases.topmenubar.MyAccountOptionsTest"/>
</testsuite> <!-- com.baublebar.testcases.topmenubar.MyAccountOptionsTest -->
