<?xml version="1.0" encoding="UTF-8"?>
<!-- Generated by org.testng.reporters.JUnitReportReporter -->
<testsuite hostname="Maitris-MacBook-Pro.local" name="com.baublebar.testcases.topmenubar.LoginTest" tests="1" failures="0" timestamp="1 Jun 2015 19:39:29 GMT" time="10.110" errors="0">
  <testcase name="LoginTest" time="10.110" classname="com.baublebar.testcases.topmenubar.LoginTest"/>
</testsuite> <!-- com.baublebar.testcases.topmenubar.LoginTest -->
