<?xml version="1.0" encoding="UTF-8"?>
<!-- Generated by org.testng.reporters.JUnitReportReporter -->
<testsuite hostname="Maitris-MacBook-Pro.local" name="com.baublebar.testcases.topmenubar.CreateAccountTest" tests="1" failures="0" timestamp="1 Jun 2015 19:39:29 GMT" time="12.614" errors="0">
  <testcase name="createAccTest" time="12.614" classname="com.baublebar.testcases.topmenubar.CreateAccountTest"/>
</testsuite> <!-- com.baublebar.testcases.topmenubar.CreateAccountTest -->
