<?xml version="1.0" encoding="UTF-8"?>
<!-- Generated by org.testng.reporters.JUnitReportReporter -->
<testsuite hostname="Maitris-MacBook-Pro.local" name="com.baublebar.testcases.TestSauce" tests="1" failures="0" timestamp="4 Dec 2014 22:03:17 GMT" time="2.439" errors="0">
  <testcase name="testsimple" time="2.439" classname="com.baublebar.testcases.TestSauce"/>
</testsuite> <!-- com.baublebar.testcases.TestSauce -->
