<?xml version="1.0" encoding="UTF-8"?>
<!-- Generated by org.testng.reporters.JUnitReportReporter -->
<testsuite hostname="Maitris-MacBook-Pro.local" name="com.baublebar.testcases.LogoutTest" tests="1" failures="0" timestamp="24 Mar 2015 16:59:36 GMT" time="1.094" errors="0">
  <testcase name="LogoutTest" time="1.094" classname="com.baublebar.testcases.LogoutTest"/>
</testsuite> <!-- com.baublebar.testcases.LogoutTest -->
