<?xml version="1.0" encoding="UTF-8"?>
<!-- Generated by org.testng.reporters.JUnitReportReporter -->
<testsuite hostname="Maitris-MacBook-Pro.local" name="com.baublebar.testcases.topmenubar.LogoutTest" tests="1" failures="0" timestamp="21 Apr 2015 20:14:29 GMT" time="4.406" errors="0">
  <testcase name="LogoutTest" time="4.406" classname="com.baublebar.testcases.topmenubar.LogoutTest"/>
</testsuite> <!-- com.baublebar.testcases.topmenubar.LogoutTest -->
