<?xml version="1.0" encoding="UTF-8"?>
<!-- Generated by org.testng.reporters.JUnitReportReporter -->
<testsuite hostname="Maitris-MacBook-Pro.local" name="com.baublebar.testcases.LoadBaublebarTest" tests="1" failures="0" timestamp="22 Apr 2015 20:45:23 GMT" time="11.285" errors="0">
  <testcase name="loadBaublebar" time="11.285" classname="com.baublebar.testcases.LoadBaublebarTest"/>
</testsuite> <!-- com.baublebar.testcases.LoadBaublebarTest -->
