<?xml version="1.0" encoding="UTF-8"?>
<!-- Generated by org.testng.reporters.JUnitReportReporter -->
<testsuite hostname="Maitris-MacBook-Pro.local" name="com.baublebar.testcases.TestClass" tests="2" failures="0" timestamp="4 Dec 2014 21:02:56 GMT" time="3.953" errors="0">
  <testcase name="testsimple" time="1.264" classname="com.baublebar.testcases.TestClass"/>
  <testcase name="testsimple" time="2.689" classname="com.baublebar.testcases.TestClass"/>
</testsuite> <!-- com.baublebar.testcases.TestClass -->
