<?xml version="1.0" encoding="UTF-8"?>
<!-- Generated by org.testng.reporters.JUnitReportReporter -->
<testsuite hostname="Maitris-MacBook-Pro.local" name="com.baublebar.testcases.mainnavigationbar.MainNavigationBarTest" tests="8" failures="0" timestamp="21 Apr 2015 20:14:29 GMT" time="53.123" errors="0">
  <testcase name="MainNavigationBarTest" time="8.172" classname="com.baublebar.testcases.mainnavigationbar.MainNavigationBarTest"/>
  <testcase name="MainNavigationBarTest" time="5.821" classname="com.baublebar.testcases.mainnavigationbar.MainNavigationBarTest"/>
  <testcase name="MainNavigationBarTest" time="6.359" classname="com.baublebar.testcases.mainnavigationbar.MainNavigationBarTest"/>
  <testcase name="MainNavigationBarTest" time="8.883" classname="com.baublebar.testcases.mainnavigationbar.MainNavigationBarTest"/>
  <testcase name="MainNavigationBarTest" time="9.290" classname="com.baublebar.testcases.mainnavigationbar.MainNavigationBarTest"/>
  <testcase name="MainNavigationBarTest" time="5.767" classname="com.baublebar.testcases.mainnavigationbar.MainNavigationBarTest"/>
  <testcase name="MainNavigationBarTest" time="6.389" classname="com.baublebar.testcases.mainnavigationbar.MainNavigationBarTest"/>
  <testcase name="MainNavigationBarTest" time="2.442" classname="com.baublebar.testcases.mainnavigationbar.MainNavigationBarTest"/>
</testsuite> <!-- com.baublebar.testcases.mainnavigationbar.MainNavigationBarTest -->
