<?xml version="1.0" encoding="UTF-8"?>
<!-- Generated by org.testng.reporters.JUnitReportReporter -->
<testsuite hostname="Maitris-MacBook-Pro.local" name="com.baublebar.testcases.topmenubar.CreateAccountTest" tests="1" failures="0" timestamp="21 Apr 2015 20:14:29 GMT" time="10.530" errors="0">
  <testcase name="createAccTest" time="10.530" classname="com.baublebar.testcases.topmenubar.CreateAccountTest"/>
</testsuite> <!-- com.baublebar.testcases.topmenubar.CreateAccountTest -->
