<?xml version="1.0" encoding="UTF-8"?>
<!-- Generated by org.testng.reporters.JUnitReportReporter -->
<testsuite hostname="Maitris-MacBook-Pro.local" name="com.baublebar.testcases.topmenubar.MyAccountOptionsTest" tests="5" failures="0" timestamp="21 Apr 2015 20:14:29 GMT" time="107.231" errors="0">
  <testcase name="LoginTest" time="19.371" classname="com.baublebar.testcases.topmenubar.MyAccountOptionsTest"/>
  <testcase name="LoginTest" time="19.677" classname="com.baublebar.testcases.topmenubar.MyAccountOptionsTest"/>
  <testcase name="LoginTest" time="30.498" classname="com.baublebar.testcases.topmenubar.MyAccountOptionsTest"/>
  <testcase name="LoginTest" time="7.640" classname="com.baublebar.testcases.topmenubar.MyAccountOptionsTest"/>
  <testcase name="LoginTest" time="30.045" classname="com.baublebar.testcases.topmenubar.MyAccountOptionsTest"/>
</testsuite> <!-- com.baublebar.testcases.topmenubar.MyAccountOptionsTest -->
