<?xml version="1.0" encoding="UTF-8"?>
<!-- Generated by org.testng.reporters.JUnitReportReporter -->
<testsuite hostname="Maitris-MacBook-Pro.local" name="com.baublebar.testcases.topmenubar.LogoutTest" tests="1" failures="0" timestamp="30 Apr 2015 21:04:50 GMT" time="8.388" errors="0">
  <testcase name="LogoutTest" time="8.388" classname="com.baublebar.testcases.topmenubar.LogoutTest"/>
</testsuite> <!-- com.baublebar.testcases.topmenubar.LogoutTest -->
