<?xml version="1.0" encoding="UTF-8"?>
<!-- Generated by org.testng.reporters.JUnitReportReporter -->
<testsuite hostname="Maitris-MacBook-Pro.local" name="com.baublebar.testcases.LoadBaublebarTest" tests="1" failures="0" timestamp="30 Apr 2015 21:04:50 GMT" time="24.771" errors="0">
  <testcase name="loadBaublebar" time="24.771" classname="com.baublebar.testcases.LoadBaublebarTest"/>
</testsuite> <!-- com.baublebar.testcases.LoadBaublebarTest -->
