<?xml version="1.0" encoding="UTF-8"?>
<!-- Generated by org.testng.reporters.JUnitReportReporter -->
<testsuite hostname="Maitris-MacBook-Pro.local" name="com.baublebar.testcases.topmenubar.MyAccountOptionsTest" tests="5" failures="0" timestamp="30 Apr 2015 21:04:50 GMT" time="79.246" errors="0">
  <testcase name="LoginTest" time="23.611" classname="com.baublebar.testcases.topmenubar.MyAccountOptionsTest"/>
  <testcase name="LoginTest" time="12.814" classname="com.baublebar.testcases.topmenubar.MyAccountOptionsTest"/>
  <testcase name="LoginTest" time="16.528" classname="com.baublebar.testcases.topmenubar.MyAccountOptionsTest"/>
  <testcase name="LoginTest" time="10.988" classname="com.baublebar.testcases.topmenubar.MyAccountOptionsTest"/>
  <testcase name="LoginTest" time="15.305" classname="com.baublebar.testcases.topmenubar.MyAccountOptionsTest"/>
</testsuite> <!-- com.baublebar.testcases.topmenubar.MyAccountOptionsTest -->
