<?xml version="1.0" encoding="UTF-8"?>
<!-- Generated by org.testng.reporters.JUnitReportReporter -->
<testsuite hostname="Maitris-MacBook-Pro.local" name="com.baublebar.testcases.mainnavigationbar.MainNavigationBarTest" tests="8" failures="0" timestamp="30 Apr 2015 21:04:50 GMT" time="134.396" errors="0">
  <testcase name="MainNavigationBarTest" time="16.507" classname="com.baublebar.testcases.mainnavigationbar.MainNavigationBarTest"/>
  <testcase name="MainNavigationBarTest" time="35.526" classname="com.baublebar.testcases.mainnavigationbar.MainNavigationBarTest"/>
  <testcase name="MainNavigationBarTest" time="9.587" classname="com.baublebar.testcases.mainnavigationbar.MainNavigationBarTest"/>
  <testcase name="MainNavigationBarTest" time="29.787" classname="com.baublebar.testcases.mainnavigationbar.MainNavigationBarTest"/>
  <testcase name="MainNavigationBarTest" time="9.842" classname="com.baublebar.testcases.mainnavigationbar.MainNavigationBarTest"/>
  <testcase name="MainNavigationBarTest" time="16.074" classname="com.baublebar.testcases.mainnavigationbar.MainNavigationBarTest"/>
  <testcase name="MainNavigationBarTest" time="10.346" classname="com.baublebar.testcases.mainnavigationbar.MainNavigationBarTest"/>
  <testcase name="MainNavigationBarTest" time="6.727" classname="com.baublebar.testcases.mainnavigationbar.MainNavigationBarTest"/>
</testsuite> <!-- com.baublebar.testcases.mainnavigationbar.MainNavigationBarTest -->
