<?xml version="1.0" encoding="UTF-8"?>
<!-- Generated by org.testng.reporters.JUnitReportReporter -->
<testsuite hostname="Maitris-MacBook-Pro.local" name="com.baublebar.testcases.LoadBaublebarTest" tests="1" failures="0" timestamp="22 Apr 2015 20:43:01 GMT" time="14.757" errors="0">
  <testcase name="loadBaublebar" time="14.757" classname="com.baublebar.testcases.LoadBaublebarTest"/>
</testsuite> <!-- com.baublebar.testcases.LoadBaublebarTest -->
